-------------------------------------------------------------------------------
Test set: Verify Add to Cart and Cart Management functionality
-------------------------------------------------------------------------------
Tests run: 3, Failures: 0, Errors: 3, Skipped: 0, Time elapsed: 37.335 s <<< FAILURE! - in Verify Add to Cart and Cart Management functionality
Add Sony Xperia to cart, update quantity, and empty the cart(Verify Add to Cart and Cart Management functionality)  Time elapsed: 10.938 s  <<< ERROR!
io.cucumber.core.exception.CucumberException: Failed to instantiate class com.stepdefs.addToCartStepDef
Caused by: java.lang.reflect.InvocationTargetException
Caused by: org.openqa.selenium.InvalidSelectorException: 
Compound class names not permitted
For documentation on this error, please visit: https://selenium.dev/exceptions/#invalid_selector_exception
Build info: version: '4.9.0', revision: 'd7057100a6'
System info: os.name: 'Windows 11', os.arch: 'amd64', os.version: '10.0', java.version: '1.8.0_371'
Driver info: driver.version: unknown

Add Sony Xperia to cart, update quantity, and empty the cart(Verify Add to Cart and Cart Management functionality)  Time elapsed: 8.782 s  <<< ERROR!
io.cucumber.core.exception.CucumberException: Failed to instantiate class com.stepdefs.addToCartStepDef
Caused by: java.lang.reflect.InvocationTargetException
Caused by: org.openqa.selenium.InvalidSelectorException: 
Compound class names not permitted
For documentation on this error, please visit: https://selenium.dev/exceptions/#invalid_selector_exception
Build info: version: '4.9.0', revision: 'd7057100a6'
System info: os.name: 'Windows 11', os.arch: 'amd64', os.version: '10.0', java.version: '1.8.0_371'
Driver info: driver.version: unknown

Add Sony Xperia to cart, update quantity, and empty the cart(Verify Add to Cart and Cart Management functionality)  Time elapsed: 8.916 s  <<< ERROR!
io.cucumber.core.exception.CucumberException: Failed to instantiate class com.stepdefs.addToCartStepDef
Caused by: java.lang.reflect.InvocationTargetException
Caused by: org.openqa.selenium.InvalidSelectorException: 
Compound class names not permitted
For documentation on this error, please visit: https://selenium.dev/exceptions/#invalid_selector_exception
Build info: version: '4.9.0', revision: 'd7057100a6'
System info: os.name: 'Windows 11', os.arch: 'amd64', os.version: '10.0', java.version: '1.8.0_371'
Driver info: driver.version: unknown

